
Cache statistics: dc
-----------------
    Total number of transactions:     204799914

         Device data reads (DMA):             0
        Device data writes (DMA):             0

          Uncacheable data reads:             0
         Uncacheable data writes:             0
 Uncacheable instruction fetches:             0

          Data read transactions:     186722512
                Data read misses:       5548299
             Data read hit ratio:         97.03%

  Instruction fetch transactions:             0
        Instruction fetch misses:             0

         Data write transactions:      18077402
               Data write misses:        223250
            Data write hit ratio:         98.77%

          Copy back transactions:             0


Cache statistics: ic
-----------------
    Total number of transactions:     274508004

         Device data reads (DMA):             0
        Device data writes (DMA):             0

          Uncacheable data reads:             0
         Uncacheable data writes:             0
 Uncacheable instruction fetches:             0

          Data read transactions:             0
                Data read misses:             0

  Instruction fetch transactions:     274508004
        Instruction fetch misses:         12931
     Instruction fetch hit ratio:        100.00%

         Data write transactions:             0
               Data write misses:             0

          Copy back transactions:             0


Cache statistics: l2c
-----------------
    Total number of transactions:      23638632

         Device data reads (DMA):             0
        Device data writes (DMA):             0

          Uncacheable data reads:             0
         Uncacheable data writes:             0
 Uncacheable instruction fetches:             0

          Data read transactions:       5548299
                Data read misses:        629781
             Data read hit ratio:         88.65%

  Instruction fetch transactions:         12931
        Instruction fetch misses:          2305
     Instruction fetch hit ratio:         82.17%

         Data write transactions:      18077402
               Data write misses:         30253
            Data write hit ratio:         99.83%

          Copy back transactions:             0

