
Cache statistics: dc
-----------------
    Total number of transactions:     222254195

         Device data reads (DMA):             0
        Device data writes (DMA):             0

          Uncacheable data reads:             0
         Uncacheable data writes:             0
 Uncacheable instruction fetches:             0

          Data read transactions:     187174145
                Data read misses:       6151821
             Data read hit ratio:         96.71%

  Instruction fetch transactions:             0
        Instruction fetch misses:             0

         Data write transactions:      35080050
               Data write misses:        200111
            Data write hit ratio:         99.43%

          Copy back transactions:             0


Cache statistics: ic
-----------------
    Total number of transactions:     308890153

         Device data reads (DMA):             0
        Device data writes (DMA):             0

          Uncacheable data reads:             0
         Uncacheable data writes:             0
 Uncacheable instruction fetches:             0

          Data read transactions:             0
                Data read misses:             0

  Instruction fetch transactions:     308890153
        Instruction fetch misses:         14305
     Instruction fetch hit ratio:        100.00%

         Data write transactions:             0
               Data write misses:             0

          Copy back transactions:             0


Cache statistics: l2c
-----------------
    Total number of transactions:      41246176

         Device data reads (DMA):             0
        Device data writes (DMA):             0

          Uncacheable data reads:             0
         Uncacheable data writes:             0
 Uncacheable instruction fetches:             0

          Data read transactions:       6151821
                Data read misses:        591650
             Data read hit ratio:         90.38%

  Instruction fetch transactions:         14305
        Instruction fetch misses:          2791
     Instruction fetch hit ratio:         80.49%

         Data write transactions:      35080050
               Data write misses:         25860
            Data write hit ratio:         99.93%

          Copy back transactions:             0

