
Cache statistics: dc
-----------------
    Total number of transactions:     256015100

         Device data reads (DMA):             0
        Device data writes (DMA):             0

          Uncacheable data reads:             0
         Uncacheable data writes:             0
 Uncacheable instruction fetches:             0

          Data read transactions:     220792487
                Data read misses:      22520855
             Data read hit ratio:         89.80%

  Instruction fetch transactions:             0
        Instruction fetch misses:             0

         Data write transactions:      35222613
               Data write misses:        320483
            Data write hit ratio:         99.09%

          Copy back transactions:             0


Cache statistics: ic
-----------------
    Total number of transactions:     326007035

         Device data reads (DMA):             0
        Device data writes (DMA):             0

          Uncacheable data reads:             0
         Uncacheable data writes:             0
 Uncacheable instruction fetches:             0

          Data read transactions:             0
                Data read misses:             0

  Instruction fetch transactions:     326007035
        Instruction fetch misses:         35351
     Instruction fetch hit ratio:         99.99%

         Data write transactions:             0
               Data write misses:             0

          Copy back transactions:             0


Cache statistics: l2c
-----------------
    Total number of transactions:      57778819

         Device data reads (DMA):             0
        Device data writes (DMA):             0

          Uncacheable data reads:             0
         Uncacheable data writes:             0
 Uncacheable instruction fetches:             0

          Data read transactions:      22520855
                Data read misses:       3356161
             Data read hit ratio:         85.10%

  Instruction fetch transactions:         35351
        Instruction fetch misses:          8245
     Instruction fetch hit ratio:         76.68%

         Data write transactions:      35222613
               Data write misses:        641917
            Data write hit ratio:         98.18%

          Copy back transactions:             0

