
Cache statistics: dc
-----------------
    Total number of transactions:     273207915

         Device data reads (DMA):             0
        Device data writes (DMA):             0

          Uncacheable data reads:             0
         Uncacheable data writes:             0
 Uncacheable instruction fetches:             0

          Data read transactions:     237825204
                Data read misses:       1177432
             Data read hit ratio:         99.50%

  Instruction fetch transactions:             0
        Instruction fetch misses:             0

         Data write transactions:      35382711
               Data write misses:        101242
            Data write hit ratio:         99.71%

          Copy back transactions:             0


Cache statistics: ic
-----------------
    Total number of transactions:     360259410

         Device data reads (DMA):             0
        Device data writes (DMA):             0

          Uncacheable data reads:             0
         Uncacheable data writes:             0
 Uncacheable instruction fetches:             0

          Data read transactions:             0
                Data read misses:             0

  Instruction fetch transactions:     360259410
        Instruction fetch misses:         16356
     Instruction fetch hit ratio:        100.00%

         Data write transactions:             0
               Data write misses:             0

          Copy back transactions:             0


Cache statistics: l2c
-----------------
    Total number of transactions:      36576499

         Device data reads (DMA):             0
        Device data writes (DMA):             0

          Uncacheable data reads:             0
         Uncacheable data writes:             0
 Uncacheable instruction fetches:             0

          Data read transactions:       1177432
                Data read misses:        547870
             Data read hit ratio:         53.47%

  Instruction fetch transactions:         16356
        Instruction fetch misses:          1771
     Instruction fetch hit ratio:         89.17%

         Data write transactions:      35382711
               Data write misses:          7688
            Data write hit ratio:         99.98%

          Copy back transactions:             0

