
Cache statistics: dc
-----------------
    Total number of transactions:     277044407

         Device data reads (DMA):             0
        Device data writes (DMA):             0

          Uncacheable data reads:             8
         Uncacheable data writes:             9
 Uncacheable instruction fetches:             0

          Data read transactions:     257830710
                Data read misses:       1246951
             Data read hit ratio:         99.52%

  Instruction fetch transactions:             0
        Instruction fetch misses:             0

         Data write transactions:      19213680
               Data write misses:        156933
            Data write hit ratio:         99.18%

          Copy back transactions:             0


Cache statistics: ic
-----------------
    Total number of transactions:     364973848

         Device data reads (DMA):             0
        Device data writes (DMA):             0

          Uncacheable data reads:             0
         Uncacheable data writes:             0
 Uncacheable instruction fetches:             0

          Data read transactions:             0
                Data read misses:             0

  Instruction fetch transactions:     364973848
        Instruction fetch misses:         17976
     Instruction fetch hit ratio:        100.00%

         Data write transactions:             0
               Data write misses:             0

          Copy back transactions:             0


Cache statistics: l2c
-----------------
    Total number of transactions:      20478624

         Device data reads (DMA):             0
        Device data writes (DMA):             0

          Uncacheable data reads:             8
         Uncacheable data writes:             9
 Uncacheable instruction fetches:             0

          Data read transactions:       1246951
                Data read misses:         67249
             Data read hit ratio:         94.61%

  Instruction fetch transactions:         17976
        Instruction fetch misses:          3214
     Instruction fetch hit ratio:         82.12%

         Data write transactions:      19213680
               Data write misses:         24753
            Data write hit ratio:         99.87%

          Copy back transactions:             0

