
Cache statistics: dc
-----------------
    Total number of transactions:     278657498

         Device data reads (DMA):             0
        Device data writes (DMA):             0

          Uncacheable data reads:             0
         Uncacheable data writes:             0
 Uncacheable instruction fetches:             0

          Data read transactions:     259168851
                Data read misses:       1016298
             Data read hit ratio:         99.61%

  Instruction fetch transactions:             0
        Instruction fetch misses:             0

         Data write transactions:      19488647
               Data write misses:        115642
            Data write hit ratio:         99.41%

          Copy back transactions:             0


Cache statistics: ic
-----------------
    Total number of transactions:     366952572

         Device data reads (DMA):             0
        Device data writes (DMA):             0

          Uncacheable data reads:             0
         Uncacheable data writes:             0
 Uncacheable instruction fetches:             0

          Data read transactions:             0
                Data read misses:             0

  Instruction fetch transactions:     366952572
        Instruction fetch misses:         16840
     Instruction fetch hit ratio:        100.00%

         Data write transactions:             0
               Data write misses:             0

          Copy back transactions:             0


Cache statistics: l2c
-----------------
    Total number of transactions:      20521785

         Device data reads (DMA):             0
        Device data writes (DMA):             0

          Uncacheable data reads:             0
         Uncacheable data writes:             0
 Uncacheable instruction fetches:             0

          Data read transactions:       1016298
                Data read misses:         51138
             Data read hit ratio:         94.97%

  Instruction fetch transactions:         16840
        Instruction fetch misses:          2038
     Instruction fetch hit ratio:         87.90%

         Data write transactions:      19488647
               Data write misses:         18131
            Data write hit ratio:         99.91%

          Copy back transactions:             0

