
Cache statistics: dc
-----------------
    Total number of transactions:     275312313

         Device data reads (DMA):             0
        Device data writes (DMA):             0

          Uncacheable data reads:             0
         Uncacheable data writes:             0
 Uncacheable instruction fetches:             0

          Data read transactions:     256420633
                Data read misses:       1478569
             Data read hit ratio:         99.42%

  Instruction fetch transactions:             0
        Instruction fetch misses:             0

         Data write transactions:      18891680
               Data write misses:        185550
            Data write hit ratio:         99.02%

          Copy back transactions:             0


Cache statistics: ic
-----------------
    Total number of transactions:     362776446

         Device data reads (DMA):             0
        Device data writes (DMA):             0

          Uncacheable data reads:             0
         Uncacheable data writes:             0
 Uncacheable instruction fetches:             0

          Data read transactions:             0
                Data read misses:             0

  Instruction fetch transactions:     362776446
        Instruction fetch misses:         16661
     Instruction fetch hit ratio:        100.00%

         Data write transactions:             0
               Data write misses:             0

          Copy back transactions:             0


Cache statistics: l2c
-----------------
    Total number of transactions:      20386910

         Device data reads (DMA):             0
        Device data writes (DMA):             0

          Uncacheable data reads:             0
         Uncacheable data writes:             0
 Uncacheable instruction fetches:             0

          Data read transactions:       1478569
                Data read misses:        137389
             Data read hit ratio:         90.71%

  Instruction fetch transactions:         16661
        Instruction fetch misses:          2655
     Instruction fetch hit ratio:         84.06%

         Data write transactions:      18891680
               Data write misses:         22488
            Data write hit ratio:         99.88%

          Copy back transactions:             0

