
Cache statistics: dc
-----------------
    Total number of transactions:     286673580

         Device data reads (DMA):             0
        Device data writes (DMA):             0

          Uncacheable data reads:             0
         Uncacheable data writes:             0
 Uncacheable instruction fetches:             0

          Data read transactions:     265663894
                Data read misses:        572805
             Data read hit ratio:         99.78%

  Instruction fetch transactions:             0
        Instruction fetch misses:             0

         Data write transactions:      21009686
               Data write misses:         66091
            Data write hit ratio:         99.69%

          Copy back transactions:             0


Cache statistics: ic
-----------------
    Total number of transactions:     376888658

         Device data reads (DMA):             0
        Device data writes (DMA):             0

          Uncacheable data reads:             0
         Uncacheable data writes:             0
 Uncacheable instruction fetches:             0

          Data read transactions:             0
                Data read misses:             0

  Instruction fetch transactions:     376888658
        Instruction fetch misses:         17269
     Instruction fetch hit ratio:        100.00%

         Data write transactions:             0
               Data write misses:             0

          Copy back transactions:             0


Cache statistics: l2c
-----------------
    Total number of transactions:      21599760

         Device data reads (DMA):             0
        Device data writes (DMA):             0

          Uncacheable data reads:             0
         Uncacheable data writes:             0
 Uncacheable instruction fetches:             0

          Data read transactions:        572805
                Data read misses:         61767
             Data read hit ratio:         89.22%

  Instruction fetch transactions:         17269
        Instruction fetch misses:          1909
     Instruction fetch hit ratio:         88.95%

         Data write transactions:      21009686
               Data write misses:         13131
            Data write hit ratio:         99.94%

          Copy back transactions:             0

