
Cache statistics: dc
-----------------
    Total number of transactions:     275312297

         Device data reads (DMA):             0
        Device data writes (DMA):             0

          Uncacheable data reads:             0
         Uncacheable data writes:             0
 Uncacheable instruction fetches:             0

          Data read transactions:     256420617
                Data read misses:       1458753
             Data read hit ratio:         99.43%

  Instruction fetch transactions:             0
        Instruction fetch misses:             0

         Data write transactions:      18891680
               Data write misses:        188785
            Data write hit ratio:         99.00%

          Copy back transactions:             0


Cache statistics: ic
-----------------
    Total number of transactions:     362776446

         Device data reads (DMA):             0
        Device data writes (DMA):             0

          Uncacheable data reads:             0
         Uncacheable data writes:             0
 Uncacheable instruction fetches:             0

          Data read transactions:             0
                Data read misses:             0

  Instruction fetch transactions:     362776446
        Instruction fetch misses:         16660
     Instruction fetch hit ratio:        100.00%

         Data write transactions:             0
               Data write misses:             0

          Copy back transactions:             0


Cache statistics: l2c
-----------------
    Total number of transactions:      20367093

         Device data reads (DMA):             0
        Device data writes (DMA):             0

          Uncacheable data reads:             0
         Uncacheable data writes:             0
 Uncacheable instruction fetches:             0

          Data read transactions:       1458753
                Data read misses:        124390
             Data read hit ratio:         91.47%

  Instruction fetch transactions:         16660
        Instruction fetch misses:          2477
     Instruction fetch hit ratio:         85.13%

         Data write transactions:      18891680
               Data write misses:         20763
            Data write hit ratio:         99.89%

          Copy back transactions:             0

