
Cache statistics: dc
-----------------
    Total number of transactions:     302843422

         Device data reads (DMA):             0
        Device data writes (DMA):             0

          Uncacheable data reads:             0
         Uncacheable data writes:             0
 Uncacheable instruction fetches:             0

          Data read transactions:     278424116
                Data read misses:        539122
             Data read hit ratio:         99.81%

  Instruction fetch transactions:             0
        Instruction fetch misses:             0

         Data write transactions:      24419306
               Data write misses:         66812
            Data write hit ratio:         99.73%

          Copy back transactions:             0


Cache statistics: ic
-----------------
    Total number of transactions:     396711839

         Device data reads (DMA):             0
        Device data writes (DMA):             0

          Uncacheable data reads:             0
         Uncacheable data writes:             0
 Uncacheable instruction fetches:             0

          Data read transactions:             0
                Data read misses:             0

  Instruction fetch transactions:     396711839
        Instruction fetch misses:         18149
     Instruction fetch hit ratio:        100.00%

         Data write transactions:             0
               Data write misses:             0

          Copy back transactions:             0


Cache statistics: l2c
-----------------
    Total number of transactions:      24976577

         Device data reads (DMA):             0
        Device data writes (DMA):             0

          Uncacheable data reads:             0
         Uncacheable data writes:             0
 Uncacheable instruction fetches:             0

          Data read transactions:        539122
                Data read misses:         99379
             Data read hit ratio:         81.57%

  Instruction fetch transactions:         18149
        Instruction fetch misses:          2017
     Instruction fetch hit ratio:         88.89%

         Data write transactions:      24419306
               Data write misses:          7630
            Data write hit ratio:         99.97%

          Copy back transactions:             0

