
Cache statistics: dc
-----------------
    Total number of transactions:     277809570

         Device data reads (DMA):             0
        Device data writes (DMA):             0

          Uncacheable data reads:             0
         Uncacheable data writes:             0
 Uncacheable instruction fetches:             0

          Data read transactions:     258474372
                Data read misses:       1140663
             Data read hit ratio:         99.56%

  Instruction fetch transactions:             0
        Instruction fetch misses:             0

         Data write transactions:      19335198
               Data write misses:        139890
            Data write hit ratio:         99.28%

          Copy back transactions:             0


Cache statistics: ic
-----------------
    Total number of transactions:     365895940

         Device data reads (DMA):             0
        Device data writes (DMA):             0

          Uncacheable data reads:             0
         Uncacheable data writes:             0
 Uncacheable instruction fetches:             0

          Data read transactions:             0
                Data read misses:             0

  Instruction fetch transactions:     365895940
        Instruction fetch misses:         16795
     Instruction fetch hit ratio:        100.00%

         Data write transactions:             0
               Data write misses:             0

          Copy back transactions:             0


Cache statistics: l2c
-----------------
    Total number of transactions:      20492656

         Device data reads (DMA):             0
        Device data writes (DMA):             0

          Uncacheable data reads:             0
         Uncacheable data writes:             0
 Uncacheable instruction fetches:             0

          Data read transactions:       1140663
                Data read misses:         67812
             Data read hit ratio:         94.06%

  Instruction fetch transactions:         16795
        Instruction fetch misses:          2495
     Instruction fetch hit ratio:         85.14%

         Data write transactions:      19335198
               Data write misses:         20572
            Data write hit ratio:         99.89%

          Copy back transactions:             0

