
Cache statistics: dc
-----------------
    Total number of transactions:     276136317

         Device data reads (DMA):             0
        Device data writes (DMA):             0

          Uncacheable data reads:             0
         Uncacheable data writes:             0
 Uncacheable instruction fetches:             0

          Data read transactions:     257099869
                Data read misses:       1359224
             Data read hit ratio:         99.47%

  Instruction fetch transactions:             0
        Instruction fetch misses:             0

         Data write transactions:      19036448
               Data write misses:        171963
            Data write hit ratio:         99.10%

          Copy back transactions:             0


Cache statistics: ic
-----------------
    Total number of transactions:     363806595

         Device data reads (DMA):             0
        Device data writes (DMA):             0

          Uncacheable data reads:             0
         Uncacheable data writes:             0
 Uncacheable instruction fetches:             0

          Data read transactions:             0
                Data read misses:             0

  Instruction fetch transactions:     363806595
        Instruction fetch misses:         16703
     Instruction fetch hit ratio:        100.00%

         Data write transactions:             0
               Data write misses:             0

          Copy back transactions:             0


Cache statistics: l2c
-----------------
    Total number of transactions:      20412375

         Device data reads (DMA):             0
        Device data writes (DMA):             0

          Uncacheable data reads:             0
         Uncacheable data writes:             0
 Uncacheable instruction fetches:             0

          Data read transactions:       1359224
                Data read misses:         92942
             Data read hit ratio:         93.16%

  Instruction fetch transactions:         16703
        Instruction fetch misses:          2925
     Instruction fetch hit ratio:         82.49%

         Data write transactions:      19036448
               Data write misses:         23854
            Data write hit ratio:         99.87%

          Copy back transactions:             0

