
Cache statistics: dc
-----------------
    Total number of transactions:     282133163

         Device data reads (DMA):             0
        Device data writes (DMA):             0

          Uncacheable data reads:             0
         Uncacheable data writes:             0
 Uncacheable instruction fetches:             0

          Data read transactions:     262000236
                Data read misses:        704884
             Data read hit ratio:         99.73%

  Instruction fetch transactions:             0
        Instruction fetch misses:             0

         Data write transactions:      20132927
               Data write misses:         76361
            Data write hit ratio:         99.62%

          Copy back transactions:             0


Cache statistics: ic
-----------------
    Total number of transactions:     371272083

         Device data reads (DMA):             0
        Device data writes (DMA):             0

          Uncacheable data reads:             0
         Uncacheable data writes:             0
 Uncacheable instruction fetches:             0

          Data read transactions:             0
                Data read misses:             0

  Instruction fetch transactions:     371272083
        Instruction fetch misses:         17024
     Instruction fetch hit ratio:        100.00%

         Data write transactions:             0
               Data write misses:             0

          Copy back transactions:             0


Cache statistics: l2c
-----------------
    Total number of transactions:      20854835

         Device data reads (DMA):             0
        Device data writes (DMA):             0

          Uncacheable data reads:             0
         Uncacheable data writes:             0
 Uncacheable instruction fetches:             0

          Data read transactions:        704884
                Data read misses:         53562
             Data read hit ratio:         92.40%

  Instruction fetch transactions:         17024
        Instruction fetch misses:          2088
     Instruction fetch hit ratio:         87.73%

         Data write transactions:      20132927
               Data write misses:         20244
            Data write hit ratio:         99.90%

          Copy back transactions:             0

