
Cache statistics: dc
-----------------
    Total number of transactions:     276136413

         Device data reads (DMA):             0
        Device data writes (DMA):             0

          Uncacheable data reads:             0
         Uncacheable data writes:             0
 Uncacheable instruction fetches:             0

          Data read transactions:     257099965
                Data read misses:       1376628
             Data read hit ratio:         99.46%

  Instruction fetch transactions:             0
        Instruction fetch misses:             0

         Data write transactions:      19036448
               Data write misses:        174183
            Data write hit ratio:         99.09%

          Copy back transactions:             0


Cache statistics: ic
-----------------
    Total number of transactions:     363806595

         Device data reads (DMA):             0
        Device data writes (DMA):             0

          Uncacheable data reads:             0
         Uncacheable data writes:             0
 Uncacheable instruction fetches:             0

          Data read transactions:             0
                Data read misses:             0

  Instruction fetch transactions:     363806595
        Instruction fetch misses:         16705
     Instruction fetch hit ratio:        100.00%

         Data write transactions:             0
               Data write misses:             0

          Copy back transactions:             0


Cache statistics: l2c
-----------------
    Total number of transactions:      20429781

         Device data reads (DMA):             0
        Device data writes (DMA):             0

          Uncacheable data reads:             0
         Uncacheable data writes:             0
 Uncacheable instruction fetches:             0

          Data read transactions:       1376628
                Data read misses:        102391
             Data read hit ratio:         92.56%

  Instruction fetch transactions:         16705
        Instruction fetch misses:          2120
     Instruction fetch hit ratio:         87.31%

         Data write transactions:      19036448
               Data write misses:         21494
            Data write hit ratio:         99.89%

          Copy back transactions:             0

