
Cache statistics: dc
-----------------
    Total number of transactions:     275311416

         Device data reads (DMA):             0
        Device data writes (DMA):             0

          Uncacheable data reads:             0
         Uncacheable data writes:             0
 Uncacheable instruction fetches:             0

          Data read transactions:     256420068
                Data read misses:       1541958
             Data read hit ratio:         99.40%

  Instruction fetch transactions:             0
        Instruction fetch misses:             0

         Data write transactions:      18891348
               Data write misses:        187161
            Data write hit ratio:         99.01%

          Copy back transactions:             0


Cache statistics: ic
-----------------
    Total number of transactions:     362774989

         Device data reads (DMA):             0
        Device data writes (DMA):             0

          Uncacheable data reads:             0
         Uncacheable data writes:             0
 Uncacheable instruction fetches:             0

          Data read transactions:             0
                Data read misses:             0

  Instruction fetch transactions:     362774989
        Instruction fetch misses:         16656
     Instruction fetch hit ratio:        100.00%

         Data write transactions:             0
               Data write misses:             0

          Copy back transactions:             0


Cache statistics: l2c
-----------------
    Total number of transactions:      20449962

         Device data reads (DMA):             0
        Device data writes (DMA):             0

          Uncacheable data reads:             0
         Uncacheable data writes:             0
 Uncacheable instruction fetches:             0

          Data read transactions:       1541958
                Data read misses:        148381
             Data read hit ratio:         90.38%

  Instruction fetch transactions:         16656
        Instruction fetch misses:          2605
     Instruction fetch hit ratio:         84.36%

         Data write transactions:      18891348
               Data write misses:         20311
            Data write hit ratio:         99.89%

          Copy back transactions:             0

