
Cache statistics: dc
-----------------
    Total number of transactions:     274495464

         Device data reads (DMA):             0
        Device data writes (DMA):             0

          Uncacheable data reads:             0
         Uncacheable data writes:             0
 Uncacheable instruction fetches:             0

          Data read transactions:     255746070
                Data read misses:       1670150
             Data read hit ratio:         99.35%

  Instruction fetch transactions:             0
        Instruction fetch misses:             0

         Data write transactions:      18749394
               Data write misses:        231107
            Data write hit ratio:         98.77%

          Copy back transactions:             0


Cache statistics: ic
-----------------
    Total number of transactions:     361753446

         Device data reads (DMA):             0
        Device data writes (DMA):             0

          Uncacheable data reads:             0
         Uncacheable data writes:             0
 Uncacheable instruction fetches:             0

          Data read transactions:             0
                Data read misses:             0

  Instruction fetch transactions:     361753446
        Instruction fetch misses:         16614
     Instruction fetch hit ratio:        100.00%

         Data write transactions:             0
               Data write misses:             0

          Copy back transactions:             0


Cache statistics: l2c
-----------------
    Total number of transactions:      20436158

         Device data reads (DMA):             0
        Device data writes (DMA):             0

          Uncacheable data reads:             0
         Uncacheable data writes:             0
 Uncacheable instruction fetches:             0

          Data read transactions:       1670150
                Data read misses:        359792
             Data read hit ratio:         78.46%

  Instruction fetch transactions:         16614
        Instruction fetch misses:          2480
     Instruction fetch hit ratio:         85.07%

         Data write transactions:      18749394
               Data write misses:         19779
            Data write hit ratio:         99.89%

          Copy back transactions:             0

