
Cache statistics: dc
-----------------
    Total number of transactions:     275315234

         Device data reads (DMA):             0
        Device data writes (DMA):             0

          Uncacheable data reads:             0
         Uncacheable data writes:             0
 Uncacheable instruction fetches:             0

          Data read transactions:     256422737
                Data read misses:       1573338
             Data read hit ratio:         99.39%

  Instruction fetch transactions:             0
        Instruction fetch misses:             0

         Data write transactions:      18892497
               Data write misses:        173662
            Data write hit ratio:         99.08%

          Copy back transactions:             0


Cache statistics: ic
-----------------
    Total number of transactions:     362785606

         Device data reads (DMA):             0
        Device data writes (DMA):             0

          Uncacheable data reads:             0
         Uncacheable data writes:             0
 Uncacheable instruction fetches:             0

          Data read transactions:             0
                Data read misses:             0

  Instruction fetch transactions:     362785606
        Instruction fetch misses:         16665
     Instruction fetch hit ratio:        100.00%

         Data write transactions:             0
               Data write misses:             0

          Copy back transactions:             0


Cache statistics: l2c
-----------------
    Total number of transactions:      20482500

         Device data reads (DMA):             0
        Device data writes (DMA):             0

          Uncacheable data reads:             0
         Uncacheable data writes:             0
 Uncacheable instruction fetches:             0

          Data read transactions:       1573338
                Data read misses:        300290
             Data read hit ratio:         80.91%

  Instruction fetch transactions:         16665
        Instruction fetch misses:          2697
     Instruction fetch hit ratio:         83.82%

         Data write transactions:      18892497
               Data write misses:         14635
            Data write hit ratio:         99.92%

          Copy back transactions:             0

