
Cache statistics: dc
-----------------
    Total number of transactions:     279516707

         Device data reads (DMA):             0
        Device data writes (DMA):             0

          Uncacheable data reads:             0
         Uncacheable data writes:             0
 Uncacheable instruction fetches:             0

          Data read transactions:     259870663
                Data read misses:        916948
             Data read hit ratio:         99.65%

  Instruction fetch transactions:             0
        Instruction fetch misses:             0

         Data write transactions:      19646044
               Data write misses:        100714
            Data write hit ratio:         99.49%

          Copy back transactions:             0


Cache statistics: ic
-----------------
    Total number of transactions:     368028119

         Device data reads (DMA):             0
        Device data writes (DMA):             0

          Uncacheable data reads:             0
         Uncacheable data writes:             0
 Uncacheable instruction fetches:             0

          Data read transactions:             0
                Data read misses:             0

  Instruction fetch transactions:     368028119
        Instruction fetch misses:         16884
     Instruction fetch hit ratio:        100.00%

         Data write transactions:             0
               Data write misses:             0

          Copy back transactions:             0


Cache statistics: l2c
-----------------
    Total number of transactions:      20579876

         Device data reads (DMA):             0
        Device data writes (DMA):             0

          Uncacheable data reads:             0
         Uncacheable data writes:             0
 Uncacheable instruction fetches:             0

          Data read transactions:        916948
                Data read misses:         50867
             Data read hit ratio:         94.45%

  Instruction fetch transactions:         16884
        Instruction fetch misses:          1982
     Instruction fetch hit ratio:         88.26%

         Data write transactions:      19646044
               Data write misses:         16706
            Data write hit ratio:         99.91%

          Copy back transactions:             0

