
Cache statistics: dc
-----------------
    Total number of transactions:     276145191

         Device data reads (DMA):             0
        Device data writes (DMA):             0

          Uncacheable data reads:           311
         Uncacheable data writes:           272
 Uncacheable instruction fetches:             0

          Data read transactions:     257104420
                Data read misses:       1517373
             Data read hit ratio:         99.41%

  Instruction fetch transactions:             0
        Instruction fetch misses:             0

         Data write transactions:      19040188
               Data write misses:        161816
            Data write hit ratio:         99.15%

          Copy back transactions:             0


Cache statistics: ic
-----------------
    Total number of transactions:     363841453

         Device data reads (DMA):             0
        Device data writes (DMA):             0

          Uncacheable data reads:             0
         Uncacheable data writes:             0
 Uncacheable instruction fetches:             0

          Data read transactions:             0
                Data read misses:             0

  Instruction fetch transactions:     363841453
        Instruction fetch misses:         16802
     Instruction fetch hit ratio:        100.00%

         Data write transactions:             0
               Data write misses:             0

          Copy back transactions:             0


Cache statistics: l2c
-----------------
    Total number of transactions:      20574946

         Device data reads (DMA):             0
        Device data writes (DMA):             0

          Uncacheable data reads:           311
         Uncacheable data writes:           272
 Uncacheable instruction fetches:             0

          Data read transactions:       1517373
                Data read misses:        106398
             Data read hit ratio:         92.99%

  Instruction fetch transactions:         16802
        Instruction fetch misses:          3134
     Instruction fetch hit ratio:         81.35%

         Data write transactions:      19040188
               Data write misses:         41490
            Data write hit ratio:         99.78%

          Copy back transactions:             0

