
Cache statistics: dc
-----------------
    Total number of transactions:     170666276

         Device data reads (DMA):             0
        Device data writes (DMA):             0

          Uncacheable data reads:             0
         Uncacheable data writes:             0
 Uncacheable instruction fetches:             0

          Data read transactions:     152833804
                Data read misses:       5545227
             Data read hit ratio:         96.37%

  Instruction fetch transactions:             0
        Instruction fetch misses:             0

         Data write transactions:      17832472
               Data write misses:        226260
            Data write hit ratio:         98.73%

          Copy back transactions:             0


Cache statistics: ic
-----------------
    Total number of transactions:     223104871

         Device data reads (DMA):             0
        Device data writes (DMA):             0

          Uncacheable data reads:             0
         Uncacheable data writes:             0
 Uncacheable instruction fetches:             0

          Data read transactions:             0
                Data read misses:             0

  Instruction fetch transactions:     223104871
        Instruction fetch misses:         10711
     Instruction fetch hit ratio:        100.00%

         Data write transactions:             0
               Data write misses:             0

          Copy back transactions:             0


Cache statistics: l2c
-----------------
    Total number of transactions:      23388410

         Device data reads (DMA):             0
        Device data writes (DMA):             0

          Uncacheable data reads:             0
         Uncacheable data writes:             0
 Uncacheable instruction fetches:             0

          Data read transactions:       5545227
                Data read misses:        684906
             Data read hit ratio:         87.65%

  Instruction fetch transactions:         10711
        Instruction fetch misses:          1411
     Instruction fetch hit ratio:         86.83%

         Data write transactions:      17832472
               Data write misses:         35370
            Data write hit ratio:         99.80%

          Copy back transactions:             0

