
Cache statistics: dc
-----------------
    Total number of transactions:       1018738

         Device data reads (DMA):             0
        Device data writes (DMA):             0

          Uncacheable data reads:             0
         Uncacheable data writes:             0
 Uncacheable instruction fetches:             0

          Data read transactions:        877919
                Data read misses:          7401
             Data read hit ratio:         99.16%

  Instruction fetch transactions:             0
        Instruction fetch misses:             0

         Data write transactions:        140819
               Data write misses:           302
            Data write hit ratio:         99.79%

          Copy back transactions:             0


Cache statistics: ic
-----------------
    Total number of transactions:       1105459

         Device data reads (DMA):             0
        Device data writes (DMA):             0

          Uncacheable data reads:             0
         Uncacheable data writes:             0
 Uncacheable instruction fetches:             0

          Data read transactions:             0
                Data read misses:             0

  Instruction fetch transactions:       1105459
        Instruction fetch misses:           158
     Instruction fetch hit ratio:         99.99%

         Data write transactions:             0
               Data write misses:             0

          Copy back transactions:             0


Cache statistics: l2c
-----------------
    Total number of transactions:        148378

         Device data reads (DMA):             0
        Device data writes (DMA):             0

          Uncacheable data reads:             0
         Uncacheable data writes:             0
 Uncacheable instruction fetches:             0

          Data read transactions:          7401
                Data read misses:          1196
             Data read hit ratio:         83.84%

  Instruction fetch transactions:           158
        Instruction fetch misses:            91
     Instruction fetch hit ratio:         42.41%

         Data write transactions:        140819
               Data write misses:            71
            Data write hit ratio:         99.95%

          Copy back transactions:             0

